<?xml version="1.0" encoding="UTF-8"?>
<coverage generated="1540121760294" clover="3.2.0">
  <project timestamp="1540121760294" name="All files">
    <metrics statements="27" coveredstatements="27" conditionals="6" coveredconditionals="6" methods="13" coveredmethods="13" elements="46" coveredelements="46" complexity="0" loc="27" ncloc="27" packages="2" files="3" classes="3">
      <package name="components">
        <metrics statements="1" coveredstatements="1" conditionals="0" coveredconditionals="0" methods="0" coveredmethods="0"/>
        <file name="Counter.vue" path="C:\Users\Mats\projects\vue-todo\src\components\Counter.vue">
          <metrics statements="1" coveredstatements="1" conditionals="0" coveredconditionals="0" methods="0" coveredmethods="0"/>
          <line num="22" count="1" type="stmt"/>
        </file>
      </package>
      <package name="store">
        <metrics statements="26" coveredstatements="26" conditionals="6" coveredconditionals="6" methods="13" coveredmethods="13"/>
        <file name="getters.js" path="C:\Users\Mats\projects\vue-todo\src\store\getters.js">
          <metrics statements="8" coveredstatements="8" conditionals="0" coveredconditionals="0" methods="10" coveredmethods="10"/>
          <line num="1" count="1" type="stmt"/>
          <line num="3" count="2" type="stmt"/>
          <line num="6" count="1" type="stmt"/>
          <line num="9" count="2" type="stmt"/>
          <line num="12" count="1" type="stmt"/>
          <line num="14" count="1" type="stmt"/>
          <line num="15" count="1" type="stmt"/>
          <line num="18" count="1" type="stmt"/>
        </file>
        <file name="mutations.js" path="C:\Users\Mats\projects\vue-todo\src\store\mutations.js">
          <metrics statements="18" coveredstatements="18" conditionals="6" coveredconditionals="6" methods="3" coveredmethods="3"/>
          <line num="1" count="1" type="stmt"/>
          <line num="4" count="1" type="stmt"/>
          <line num="6" count="4" type="stmt"/>
          <line num="7" count="4" type="cond" truecount="2" falsecount="0"/>
          <line num="8" count="3" type="stmt"/>
          <line num="10" count="4" type="stmt"/>
          <line num="15" count="4" type="stmt"/>
          <line num="18" count="3" type="stmt"/>
          <line num="19" count="3" type="cond" truecount="2" falsecount="0"/>
          <line num="22" count="2" type="stmt"/>
          <line num="30" count="2" type="stmt"/>
          <line num="31" count="2" type="cond" truecount="2" falsecount="0"/>
          <line num="32" count="1" type="stmt"/>
          <line num="36" count="2" type="stmt"/>
          <line num="39" count="1" type="stmt"/>
          <line num="46" count="4" type="stmt"/>
          <line num="50" count="2" type="stmt"/>
          <line num="54" count="1" type="stmt"/>
        </file>
      </package>
    </metrics>
  </project>
</coverage>
