<?xml version="1.0" encoding="UTF-8"?>
<coverage generated="1539800822046" clover="3.2.0">
  <project timestamp="1539800822048" name="All files">
    <metrics statements="17" coveredstatements="17" conditionals="4" coveredconditionals="2" methods="9" coveredmethods="9" elements="30" coveredelements="28" complexity="0" loc="17" ncloc="17" packages="1" files="2" classes="2">
      <file name="getters.js" path="C:\Users\Mats\projects\vue-todo\src\store\getters.js">
        <metrics statements="7" coveredstatements="7" conditionals="0" coveredconditionals="0" methods="9" coveredmethods="9"/>
        <line num="1" count="1" type="stmt"/>
        <line num="3" count="2" type="stmt"/>
        <line num="6" count="1" type="stmt"/>
        <line num="9" count="2" type="stmt"/>
        <line num="11" count="1" type="stmt"/>
        <line num="12" count="1" type="stmt"/>
        <line num="15" count="1" type="stmt"/>
      </file>
      <file name="mutations.js" path="C:\Users\Mats\projects\vue-todo\src\store\mutations.js">
        <metrics statements="10" coveredstatements="10" conditionals="4" coveredconditionals="2" methods="0" coveredmethods="0"/>
        <line num="1" count="1" type="stmt"/>
        <line num="3" count="2" type="stmt"/>
        <line num="4" count="2" type="stmt"/>
        <line num="9" count="2" type="stmt"/>
        <line num="12" count="2" type="stmt"/>
        <line num="13" count="2" type="cond" truecount="1" falsecount="1"/>
        <line num="14" count="2" type="stmt"/>
        <line num="18" count="1" type="stmt"/>
        <line num="19" count="1" type="cond" truecount="1" falsecount="1"/>
        <line num="20" count="1" type="stmt"/>
      </file>
    </metrics>
  </project>
</coverage>
