{"C:\\Users\\Mats\\projects\\vue-todo\\src\\components\\Counter.vue": {"path":"C:\\Users\\Mats\\projects\\vue-todo\\src\\components\\Counter.vue","statementMap":{"0":{"start":{"line":19,"column":0},"end":{"line":null,"column":-1}}},"fnMap":{},"branchMap":{},"s":{"0":1},"f":{},"b":{}}
,"C:\\Users\\Mats\\projects\\vue-todo\\src\\store\\getters.js": {"path":"C:\\Users\\Mats\\projects\\vue-todo\\src\\store\\getters.js","statementMap":{"0":{"start":{"line":1,"column":23},"end":{"line":20,"column":1}},"1":{"start":{"line":3,"column":4},"end":{"line":3,"column":49}},"2":{"start":{"line":3,"column":38},"end":{"line":3,"column":47}},"3":{"start":{"line":6,"column":4},"end":{"line":6,"column":36}},"4":{"start":{"line":9,"column":4},"end":{"line":9,"column":50}},"5":{"start":{"line":9,"column":38},"end":{"line":9,"column":48}},"6":{"start":{"line":12,"column":4},"end":{"line":12,"column":38}},"7":{"start":{"line":14,"column":24},"end":{"line":16,"column":3}},"8":{"start":{"line":15,"column":4},"end":{"line":15,"column":52}},"9":{"start":{"line":15,"column":36},"end":{"line":15,"column":50}},"10":{"start":{"line":18,"column":4},"end":{"line":18,"column":54}}},"fnMap":{"0":{"name":"(anonymous_0)","decl":{"start":{"line":2,"column":13},"end":{"line":2,"column":14}},"loc":{"start":{"line":2,"column":22},"end":{"line":4,"column":3}},"line":2},"1":{"name":"(anonymous_1)","decl":{"start":{"line":3,"column":30},"end":{"line":3,"column":31}},"loc":{"start":{"line":3,"column":38},"end":{"line":3,"column":47}},"line":3},"2":{"name":"(anonymous_2)","decl":{"start":{"line":5,"column":18},"end":{"line":5,"column":19}},"loc":{"start":{"line":5,"column":38},"end":{"line":7,"column":3}},"line":5},"3":{"name":"(anonymous_3)","decl":{"start":{"line":8,"column":15},"end":{"line":8,"column":16}},"loc":{"start":{"line":8,"column":24},"end":{"line":10,"column":3}},"line":8},"4":{"name":"(anonymous_4)","decl":{"start":{"line":9,"column":30},"end":{"line":9,"column":31}},"loc":{"start":{"line":9,"column":38},"end":{"line":9,"column":48}},"line":9},"5":{"name":"(anonymous_5)","decl":{"start":{"line":11,"column":20},"end":{"line":11,"column":21}},"loc":{"start":{"line":11,"column":40},"end":{"line":13,"column":3}},"line":11},"6":{"name":"(anonymous_6)","decl":{"start":{"line":14,"column":15},"end":{"line":14,"column":16}},"loc":{"start":{"line":14,"column":24},"end":{"line":16,"column":3}},"line":14},"7":{"name":"(anonymous_7)","decl":{"start":{"line":14,"column":24},"end":{"line":14,"column":25}},"loc":{"start":{"line":14,"column":30},"end":{"line":16,"column":3}},"line":14},"8":{"name":"(anonymous_8)","decl":{"start":{"line":15,"column":28},"end":{"line":15,"column":29}},"loc":{"start":{"line":15,"column":36},"end":{"line":15,"column":50}},"line":15},"9":{"name":"(anonymous_9)","decl":{"start":{"line":17,"column":13},"end":{"line":17,"column":14}},"loc":{"start":{"line":17,"column":22},"end":{"line":19,"column":3}},"line":17}},"branchMap":{},"s":{"0":1,"1":1,"2":2,"3":1,"4":1,"5":2,"6":1,"7":1,"8":1,"9":1,"10":1},"f":{"0":1,"1":2,"2":1,"3":1,"4":2,"5":1,"6":1,"7":1,"8":1,"9":1},"b":{},"_coverageSchema":"332fd63041d2c1bcb487cc26dd0d5f7d97098a6c","hash":"30adb3367ee0e6505259959f1e47d11724bef0cb"}
,"C:\\Users\\Mats\\projects\\vue-todo\\src\\store\\mutations.js": {"path":"C:\\Users\\Mats\\projects\\vue-todo\\src\\store\\mutations.js","statementMap":{"0":{"start":{"line":7,"column":27},"end":{"line":7,"column":40}},"1":{"start":{"line":10,"column":25},"end":{"line":47,"column":1}},"2":{"start":{"line":12,"column":17},"end":{"line":12,"column":18}},"3":{"start":{"line":13,"column":4},"end":{"line":15,"column":5}},"4":{"start":{"line":14,"column":6},"end":{"line":14,"column":58}},"5":{"start":{"line":16,"column":15},"end":{"line":20,"column":5}},"6":{"start":{"line":21,"column":4},"end":{"line":21,"column":51}},"7":{"start":{"line":24,"column":16},"end":{"line":24,"column":41}},"8":{"start":{"line":25,"column":4},"end":{"line":33,"column":5}},"9":{"start":{"line":28,"column":6},"end":{"line":32,"column":9}},"10":{"start":{"line":36,"column":16},"end":{"line":36,"column":41}},"11":{"start":{"line":37,"column":4},"end":{"line":39,"column":5}},"12":{"start":{"line":38,"column":6},"end":{"line":38,"column":56}},"13":{"start":{"line":42,"column":4},"end":{"line":42,"column":18}},"14":{"start":{"line":45,"column":4},"end":{"line":45,"column":18}}},"fnMap":{},"branchMap":{"0":{"loc":{"start":{"line":13,"column":4},"end":{"line":15,"column":5}},"type":"if","locations":[{"start":{"line":13,"column":4},"end":{"line":15,"column":5}},{"start":{"line":13,"column":4},"end":{"line":15,"column":5}}],"line":13},"1":{"loc":{"start":{"line":25,"column":4},"end":{"line":33,"column":5}},"type":"if","locations":[{"start":{"line":25,"column":4},"end":{"line":33,"column":5}},{"start":{"line":25,"column":4},"end":{"line":33,"column":5}}],"line":25},"2":{"loc":{"start":{"line":37,"column":4},"end":{"line":39,"column":5}},"type":"if","locations":[{"start":{"line":37,"column":4},"end":{"line":39,"column":5}},{"start":{"line":37,"column":4},"end":{"line":39,"column":5}}],"line":37}},"s":{"0":1,"1":1,"2":4,"3":4,"4":3,"5":4,"6":4,"7":3,"8":3,"9":2,"10":2,"11":2,"12":1,"13":2,"14":1},"f":{},"b":{"0":[3,1],"1":[2,1],"2":[1,1]},"_coverageSchema":"332fd63041d2c1bcb487cc26dd0d5f7d97098a6c","hash":"f34d1f5c5da45d781ecc2393572b23248fb6168a"}
,"C:\\Users\\Mats\\projects\\vue-todo\\src\\store\\helpers\\immutable.js": {"path":"C:\\Users\\Mats\\projects\\vue-todo\\src\\store\\helpers\\immutable.js","statementMap":{"0":{"start":{"line":3,"column":2},"end":{"line":3,"column":18}},"1":{"start":{"line":7,"column":2},"end":{"line":7,"column":26}},"2":{"start":{"line":11,"column":2},"end":{"line":11,"column":22}},"3":{"start":{"line":15,"column":2},"end":{"line":15,"column":28}},"4":{"start":{"line":19,"column":2},"end":{"line":19,"column":40}},"5":{"start":{"line":23,"column":2},"end":{"line":23,"column":28}},"6":{"start":{"line":27,"column":2},"end":{"line":27,"column":28}},"7":{"start":{"line":31,"column":2},"end":{"line":31,"column":79}},"8":{"start":{"line":35,"column":2},"end":{"line":35,"column":58}}},"fnMap":{"0":{"name":"immutableArrayCopy","decl":{"start":{"line":2,"column":16},"end":{"line":2,"column":34}},"loc":{"start":{"line":2,"column":40},"end":{"line":4,"column":1}},"line":2},"1":{"name":"immutablePop","decl":{"start":{"line":6,"column":16},"end":{"line":6,"column":28}},"loc":{"start":{"line":6,"column":34},"end":{"line":8,"column":1}},"line":6},"2":{"name":"immutableShift","decl":{"start":{"line":10,"column":16},"end":{"line":10,"column":30}},"loc":{"start":{"line":10,"column":36},"end":{"line":12,"column":1}},"line":10},"3":{"name":"immutableUnshift","decl":{"start":{"line":14,"column":16},"end":{"line":14,"column":32}},"loc":{"start":{"line":14,"column":48},"end":{"line":16,"column":1}},"line":14},"4":{"name":"immutableSort","decl":{"start":{"line":18,"column":16},"end":{"line":18,"column":29}},"loc":{"start":{"line":18,"column":52},"end":{"line":20,"column":1}},"line":18},"5":{"name":"immutableReverse","decl":{"start":{"line":22,"column":16},"end":{"line":22,"column":32}},"loc":{"start":{"line":22,"column":38},"end":{"line":24,"column":1}},"line":22},"6":{"name":"immutablePush","decl":{"start":{"line":26,"column":16},"end":{"line":26,"column":29}},"loc":{"start":{"line":26,"column":45},"end":{"line":28,"column":1}},"line":26},"7":{"name":"immutableSplice","decl":{"start":{"line":30,"column":16},"end":{"line":30,"column":31}},"loc":{"start":{"line":30,"column":67},"end":{"line":32,"column":1}},"line":30},"8":{"name":"immutableDelete","decl":{"start":{"line":34,"column":16},"end":{"line":34,"column":31}},"loc":{"start":{"line":34,"column":44},"end":{"line":36,"column":1}},"line":34}},"branchMap":{},"s":{"0":1,"1":1,"2":1,"3":1,"4":2,"5":1,"6":5,"7":3,"8":2},"f":{"0":1,"1":1,"2":1,"3":1,"4":2,"5":1,"6":5,"7":3,"8":2},"b":{},"_coverageSchema":"332fd63041d2c1bcb487cc26dd0d5f7d97098a6c","hash":"fa43e617eadf3a7b16f45172886400f597304700"}
}
