TN:
SF:C:\Users\Mats\projects\vue-todo\src\store\getters.js
FN:2,(anonymous_0)
FN:3,(anonymous_1)
FN:5,(anonymous_2)
FN:8,(anonymous_3)
FN:9,(anonymous_4)
FN:11,(anonymous_5)
FN:14,(anonymous_6)
FN:14,(anonymous_7)
FN:15,(anonymous_8)
FN:17,(anonymous_9)
FNF:10
FNH:10
FNDA:1,(anonymous_0)
FNDA:2,(anonymous_1)
FNDA:1,(anonymous_2)
FNDA:1,(anonymous_3)
FNDA:2,(anonymous_4)
FNDA:1,(anonymous_5)
FNDA:1,(anonymous_6)
FNDA:1,(anonymous_7)
FNDA:1,(anonymous_8)
FNDA:1,(anonymous_9)
DA:1,1
DA:3,2
DA:6,1
DA:9,2
DA:12,1
DA:14,1
DA:15,1
DA:18,1
LF:8
LH:8
BRF:0
BRH:0
end_of_record
TN:
SF:C:\Users\Mats\projects\vue-todo\src\store\mutations.js
FNF:0
FNH:0
DA:1,1
DA:3,1
DA:5,4
DA:6,4
DA:7,3
DA:9,4
DA:14,4
DA:17,3
DA:18,3
DA:19,2
DA:23,2
DA:24,2
DA:25,1
LF:13
LH:13
BRDA:6,0,0,3
BRDA:6,0,1,1
BRDA:18,1,0,2
BRDA:18,1,1,1
BRDA:24,2,0,1
BRDA:24,2,1,1
BRF:6
BRH:6
end_of_record
