TN:
SF:C:\Users\Mats\projects\vue-todo\src\store\getters.js
FN:2,(anonymous_0)
FN:3,(anonymous_1)
FN:5,(anonymous_2)
FN:8,(anonymous_3)
FN:9,(anonymous_4)
FN:11,(anonymous_5)
FN:11,(anonymous_6)
FN:12,(anonymous_7)
FN:14,(anonymous_8)
FNF:9
FNH:9
FNDA:1,(anonymous_0)
FNDA:2,(anonymous_1)
FNDA:1,(anonymous_2)
FNDA:1,(anonymous_3)
FNDA:2,(anonymous_4)
FNDA:1,(anonymous_5)
FNDA:1,(anonymous_6)
FNDA:1,(anonymous_7)
FNDA:1,(anonymous_8)
DA:1,1
DA:3,2
DA:6,1
DA:9,2
DA:11,1
DA:12,1
DA:15,1
LF:7
LH:7
BRF:0
BRH:0
end_of_record
TN:
SF:C:\Users\Mats\projects\vue-todo\src\store\mutations.js
FNF:0
FNH:0
DA:1,1
DA:3,2
DA:4,2
DA:9,2
DA:12,2
DA:13,2
DA:14,2
DA:18,1
DA:19,1
DA:20,1
LF:10
LH:10
BRDA:13,0,0,2
BRDA:13,0,1,0
BRDA:19,1,0,1
BRDA:19,1,1,0
BRF:4
BRH:2
end_of_record
